{"numFailedTestSuites":2,"numFailedTests":4,"numPassedTestSuites":16,"numPassedTests":36,"numPendingTestSuites":1,"numPendingTests":3,"numRuntimeErrorTestSuites":0,"numTodoTests":0,"numTotalTestSuites":19,"numTotalTests":43,"openHandles":[],"snapshot":{"added":0,"didUpdate":false,"failure":false,"filesAdded":0,"filesRemoved":0,"filesRemovedList":[],"filesUnmatched":0,"filesUpdated":0,"matched":0,"total":0,"unchecked":0,"uncheckedKeysByFile":[],"unmatched":0,"updated":0},"startTime":1757675147053,"success":false,"testResults":[{"assertionResults":[{"ancestorTitles":["Build Minify Toggle (e2e)"],"duration":2,"failureDetails":[{}],"failureMessages":["Error: expected 201 \"Created\", got 401 \"Unauthorized\"\n    at Object.<anonymous> (/Users/thomaskonig/Documents/GitHub/DragDropDeploy/backend/src/minify/__tests__/build.minify.e2e.spec.ts:33:135)\n    at processTicksAndRejections (node:internal/process/task_queues:105:5)\n----\n    at Test._assertStatus (/Users/thomaskonig/Documents/GitHub/DragDropDeploy/node_modules/supertest/lib/test.js:252:14)\n    at /Users/thomaskonig/Documents/GitHub/DragDropDeploy/node_modules/supertest/lib/test.js:308:13\n    at Test._assertFunction (/Users/thomaskonig/Documents/GitHub/DragDropDeploy/node_modules/supertest/lib/test.js:285:13)\n    at Test.assert (/Users/thomaskonig/Documents/GitHub/DragDropDeploy/node_modules/supertest/lib/test.js:164:23)\n    at Server.localAssert (/Users/thomaskonig/Documents/GitHub/DragDropDeploy/node_modules/supertest/lib/test.js:120:14)\n    at Object.onceWrapper (node:events:622:28)\n    at Server.emit (node:events:508:28)\n    at emitCloseNT (node:net:2419:8)\n    at processTicksAndRejections (node:internal/process/task_queues:89:21)"],"fullName":"Build Minify Toggle (e2e) minifies by default (project optOutMinify=false)","invocations":1,"location":null,"numPassingAsserts":0,"retryReasons":[],"status":"failed","title":"minifies by default (project optOutMinify=false)"},{"ancestorTitles":["Build Minify Toggle (e2e)"],"duration":0,"failureDetails":[{}],"failureMessages":["Error: expected 201 \"Created\", got 401 \"Unauthorized\"\n    at Object.<anonymous> (/Users/thomaskonig/Documents/GitHub/DragDropDeploy/backend/src/minify/__tests__/build.minify.e2e.spec.ts:33:135)\n    at processTicksAndRejections (node:internal/process/task_queues:105:5)\n----\n    at Test._assertStatus (/Users/thomaskonig/Documents/GitHub/DragDropDeploy/node_modules/supertest/lib/test.js:252:14)\n    at /Users/thomaskonig/Documents/GitHub/DragDropDeploy/node_modules/supertest/lib/test.js:308:13\n    at Test._assertFunction (/Users/thomaskonig/Documents/GitHub/DragDropDeploy/node_modules/supertest/lib/test.js:285:13)\n    at Test.assert (/Users/thomaskonig/Documents/GitHub/DragDropDeploy/node_modules/supertest/lib/test.js:164:23)\n    at Server.localAssert (/Users/thomaskonig/Documents/GitHub/DragDropDeploy/node_modules/supertest/lib/test.js:120:14)\n    at Object.onceWrapper (node:events:622:28)\n    at Server.emit (node:events:508:28)\n    at emitCloseNT (node:net:2419:8)\n    at processTicksAndRejections (node:internal/process/task_queues:89:21)"],"fullName":"Build Minify Toggle (e2e) skips when project opts out","invocations":1,"location":null,"numPassingAsserts":0,"retryReasons":[],"status":"failed","title":"skips when project opts out"},{"ancestorTitles":["Build Minify Toggle (e2e)"],"duration":0,"failureDetails":[{}],"failureMessages":["Error: expected 201 \"Created\", got 401 \"Unauthorized\"\n    at Object.<anonymous> (/Users/thomaskonig/Documents/GitHub/DragDropDeploy/backend/src/minify/__tests__/build.minify.e2e.spec.ts:33:135)\n    at processTicksAndRejections (node:internal/process/task_queues:105:5)\n----\n    at Test._assertStatus (/Users/thomaskonig/Documents/GitHub/DragDropDeploy/node_modules/supertest/lib/test.js:252:14)\n    at /Users/thomaskonig/Documents/GitHub/DragDropDeploy/node_modules/supertest/lib/test.js:308:13\n    at Test._assertFunction (/Users/thomaskonig/Documents/GitHub/DragDropDeploy/node_modules/supertest/lib/test.js:285:13)\n    at Test.assert (/Users/thomaskonig/Documents/GitHub/DragDropDeploy/node_modules/supertest/lib/test.js:164:23)\n    at Server.localAssert (/Users/thomaskonig/Documents/GitHub/DragDropDeploy/node_modules/supertest/lib/test.js:120:14)\n    at Object.onceWrapper (node:events:622:28)\n    at Server.emit (node:events:508:28)\n    at emitCloseNT (node:net:2419:8)\n    at processTicksAndRejections (node:internal/process/task_queues:89:21)"],"fullName":"Build Minify Toggle (e2e) FORCE_MINIFY=1 overrides optOut","invocations":1,"location":null,"numPassingAsserts":0,"retryReasons":[],"status":"failed","title":"FORCE_MINIFY=1 overrides optOut"}],"endTime":1757675148847,"message":"\u001b[1m\u001b[31m  \u001b[1m● \u001b[22m\u001b[1mBuild Minify Toggle (e2e) › minifies by default (project optOutMinify=false)\u001b[39m\u001b[22m\n\n    expected 201 \"Created\", got 401 \"Unauthorized\"\n\u001b[2m\u001b[22m\n\u001b[2m    \u001b[0m \u001b[90m 31 |\u001b[39m     \u001b[36mconst\u001b[39m login \u001b[33m=\u001b[39m \u001b[36mawait\u001b[39m request(app\u001b[33m.\u001b[39mgetHttpServer())\u001b[33m.\u001b[39mpost(\u001b[32m'/auth/login'\u001b[39m)\u001b[33m.\u001b[39msend({ email\u001b[33m,\u001b[39m password })\u001b[33m.\u001b[39mexpect(\u001b[35m201\u001b[39m)\u001b[33m;\u001b[39m\u001b[22m\n\u001b[2m     \u001b[90m 32 |\u001b[39m     token \u001b[33m=\u001b[39m login\u001b[33m.\u001b[39mbody\u001b[33m.\u001b[39maccess_token\u001b[33m;\u001b[39m\u001b[22m\n\u001b[2m    \u001b[31m\u001b[1m>\u001b[22m\u001b[2m\u001b[39m\u001b[90m 33 |\u001b[39m     \u001b[36mconst\u001b[39m proj \u001b[33m=\u001b[39m \u001b[36mawait\u001b[39m request(app\u001b[33m.\u001b[39mgetHttpServer())\u001b[33m.\u001b[39mpost(\u001b[32m'/projects'\u001b[39m)\u001b[33m.\u001b[39m\u001b[36mset\u001b[39m(\u001b[32m'Authorization'\u001b[39m\u001b[33m,\u001b[39m \u001b[32m`Bearer ${token}`\u001b[39m)\u001b[33m.\u001b[39msend({ name\u001b[33m:\u001b[39m \u001b[32m'p-min'\u001b[39m })\u001b[33m.\u001b[39mexpect(\u001b[35m201\u001b[39m)\u001b[33m;\u001b[39m\u001b[22m\n\u001b[2m     \u001b[90m    |\u001b[39m                                                                                                                                       \u001b[31m\u001b[1m^\u001b[22m\u001b[2m\u001b[39m\u001b[22m\n\u001b[2m     \u001b[90m 34 |\u001b[39m     projectId \u001b[33m=\u001b[39m proj\u001b[33m.\u001b[39mbody\u001b[33m.\u001b[39mid\u001b[33m;\u001b[39m\u001b[22m\n\u001b[2m     \u001b[90m 35 |\u001b[39m   })\u001b[33m;\u001b[39m\u001b[22m\n\u001b[2m     \u001b[90m 36 |\u001b[39m\u001b[0m\u001b[22m\n\u001b[2m\u001b[22m\n\u001b[2m      \u001b[2mat Object.<anonymous> (\u001b[22m\u001b[2m\u001b[0m\u001b[36msrc/minify/__tests__/build.minify.e2e.spec.ts\u001b[39m\u001b[0m\u001b[2m:33:135)\u001b[22m\u001b[2m\u001b[22m\n\u001b[2m      ----\u001b[22m\n\u001b[2m      \u001b[2mat Test._assertStatus (\u001b[22m\u001b[2m../node_modules/supertest/lib/test.js\u001b[2m:252:14)\u001b[22m\u001b[2m\u001b[22m\n\u001b[2m      \u001b[2mat \u001b[22m\u001b[2m../node_modules/supertest/lib/test.js\u001b[2m:308:13\u001b[22m\u001b[2m\u001b[22m\n\u001b[2m      \u001b[2mat Test._assertFunction (\u001b[22m\u001b[2m../node_modules/supertest/lib/test.js\u001b[2m:285:13)\u001b[22m\u001b[2m\u001b[22m\n\u001b[2m      \u001b[2mat Test.assert (\u001b[22m\u001b[2m../node_modules/supertest/lib/test.js\u001b[2m:164:23)\u001b[22m\u001b[2m\u001b[22m\n\u001b[2m      \u001b[2mat Server.localAssert (\u001b[22m\u001b[2m../node_modules/supertest/lib/test.js\u001b[2m:120:14)\u001b[22m\u001b[2m\u001b[22m\n\n\u001b[1m\u001b[31m  \u001b[1m● \u001b[22m\u001b[1mBuild Minify Toggle (e2e) › skips when project opts out\u001b[39m\u001b[22m\n\n    expected 201 \"Created\", got 401 \"Unauthorized\"\n\u001b[2m\u001b[22m\n\u001b[2m    \u001b[0m \u001b[90m 31 |\u001b[39m     \u001b[36mconst\u001b[39m login \u001b[33m=\u001b[39m \u001b[36mawait\u001b[39m request(app\u001b[33m.\u001b[39mgetHttpServer())\u001b[33m.\u001b[39mpost(\u001b[32m'/auth/login'\u001b[39m)\u001b[33m.\u001b[39msend({ email\u001b[33m,\u001b[39m password })\u001b[33m.\u001b[39mexpect(\u001b[35m201\u001b[39m)\u001b[33m;\u001b[39m\u001b[22m\n\u001b[2m     \u001b[90m 32 |\u001b[39m     token \u001b[33m=\u001b[39m login\u001b[33m.\u001b[39mbody\u001b[33m.\u001b[39maccess_token\u001b[33m;\u001b[39m\u001b[22m\n\u001b[2m    \u001b[31m\u001b[1m>\u001b[22m\u001b[2m\u001b[39m\u001b[90m 33 |\u001b[39m     \u001b[36mconst\u001b[39m proj \u001b[33m=\u001b[39m \u001b[36mawait\u001b[39m request(app\u001b[33m.\u001b[39mgetHttpServer())\u001b[33m.\u001b[39mpost(\u001b[32m'/projects'\u001b[39m)\u001b[33m.\u001b[39m\u001b[36mset\u001b[39m(\u001b[32m'Authorization'\u001b[39m\u001b[33m,\u001b[39m \u001b[32m`Bearer ${token}`\u001b[39m)\u001b[33m.\u001b[39msend({ name\u001b[33m:\u001b[39m \u001b[32m'p-min'\u001b[39m })\u001b[33m.\u001b[39mexpect(\u001b[35m201\u001b[39m)\u001b[33m;\u001b[39m\u001b[22m\n\u001b[2m     \u001b[90m    |\u001b[39m                                                                                                                                       \u001b[31m\u001b[1m^\u001b[22m\u001b[2m\u001b[39m\u001b[22m\n\u001b[2m     \u001b[90m 34 |\u001b[39m     projectId \u001b[33m=\u001b[39m proj\u001b[33m.\u001b[39mbody\u001b[33m.\u001b[39mid\u001b[33m;\u001b[39m\u001b[22m\n\u001b[2m     \u001b[90m 35 |\u001b[39m   })\u001b[33m;\u001b[39m\u001b[22m\n\u001b[2m     \u001b[90m 36 |\u001b[39m\u001b[0m\u001b[22m\n\u001b[2m\u001b[22m\n\u001b[2m      \u001b[2mat Object.<anonymous> (\u001b[22m\u001b[2m\u001b[0m\u001b[36msrc/minify/__tests__/build.minify.e2e.spec.ts\u001b[39m\u001b[0m\u001b[2m:33:135)\u001b[22m\u001b[2m\u001b[22m\n\u001b[2m      ----\u001b[22m\n\u001b[2m      \u001b[2mat Test._assertStatus (\u001b[22m\u001b[2m../node_modules/supertest/lib/test.js\u001b[2m:252:14)\u001b[22m\u001b[2m\u001b[22m\n\u001b[2m      \u001b[2mat \u001b[22m\u001b[2m../node_modules/supertest/lib/test.js\u001b[2m:308:13\u001b[22m\u001b[2m\u001b[22m\n\u001b[2m      \u001b[2mat Test._assertFunction (\u001b[22m\u001b[2m../node_modules/supertest/lib/test.js\u001b[2m:285:13)\u001b[22m\u001b[2m\u001b[22m\n\u001b[2m      \u001b[2mat Test.assert (\u001b[22m\u001b[2m../node_modules/supertest/lib/test.js\u001b[2m:164:23)\u001b[22m\u001b[2m\u001b[22m\n\u001b[2m      \u001b[2mat Server.localAssert (\u001b[22m\u001b[2m../node_modules/supertest/lib/test.js\u001b[2m:120:14)\u001b[22m\u001b[2m\u001b[22m\n\n\u001b[1m\u001b[31m  \u001b[1m● \u001b[22m\u001b[1mBuild Minify Toggle (e2e) › FORCE_MINIFY=1 overrides optOut\u001b[39m\u001b[22m\n\n    expected 201 \"Created\", got 401 \"Unauthorized\"\n\u001b[2m\u001b[22m\n\u001b[2m    \u001b[0m \u001b[90m 31 |\u001b[39m     \u001b[36mconst\u001b[39m login \u001b[33m=\u001b[39m \u001b[36mawait\u001b[39m request(app\u001b[33m.\u001b[39mgetHttpServer())\u001b[33m.\u001b[39mpost(\u001b[32m'/auth/login'\u001b[39m)\u001b[33m.\u001b[39msend({ email\u001b[33m,\u001b[39m password })\u001b[33m.\u001b[39mexpect(\u001b[35m201\u001b[39m)\u001b[33m;\u001b[39m\u001b[22m\n\u001b[2m     \u001b[90m 32 |\u001b[39m     token \u001b[33m=\u001b[39m login\u001b[33m.\u001b[39mbody\u001b[33m.\u001b[39maccess_token\u001b[33m;\u001b[39m\u001b[22m\n\u001b[2m    \u001b[31m\u001b[1m>\u001b[22m\u001b[2m\u001b[39m\u001b[90m 33 |\u001b[39m     \u001b[36mconst\u001b[39m proj \u001b[33m=\u001b[39m \u001b[36mawait\u001b[39m request(app\u001b[33m.\u001b[39mgetHttpServer())\u001b[33m.\u001b[39mpost(\u001b[32m'/projects'\u001b[39m)\u001b[33m.\u001b[39m\u001b[36mset\u001b[39m(\u001b[32m'Authorization'\u001b[39m\u001b[33m,\u001b[39m \u001b[32m`Bearer ${token}`\u001b[39m)\u001b[33m.\u001b[39msend({ name\u001b[33m:\u001b[39m \u001b[32m'p-min'\u001b[39m })\u001b[33m.\u001b[39mexpect(\u001b[35m201\u001b[39m)\u001b[33m;\u001b[39m\u001b[22m\n\u001b[2m     \u001b[90m    |\u001b[39m                                                                                                                                       \u001b[31m\u001b[1m^\u001b[22m\u001b[2m\u001b[39m\u001b[22m\n\u001b[2m     \u001b[90m 34 |\u001b[39m     projectId \u001b[33m=\u001b[39m proj\u001b[33m.\u001b[39mbody\u001b[33m.\u001b[39mid\u001b[33m;\u001b[39m\u001b[22m\n\u001b[2m     \u001b[90m 35 |\u001b[39m   })\u001b[33m;\u001b[39m\u001b[22m\n\u001b[2m     \u001b[90m 36 |\u001b[39m\u001b[0m\u001b[22m\n\u001b[2m\u001b[22m\n\u001b[2m      \u001b[2mat Object.<anonymous> (\u001b[22m\u001b[2m\u001b[0m\u001b[36msrc/minify/__tests__/build.minify.e2e.spec.ts\u001b[39m\u001b[0m\u001b[2m:33:135)\u001b[22m\u001b[2m\u001b[22m\n\u001b[2m      ----\u001b[22m\n\u001b[2m      \u001b[2mat Test._assertStatus (\u001b[22m\u001b[2m../node_modules/supertest/lib/test.js\u001b[2m:252:14)\u001b[22m\u001b[2m\u001b[22m\n\u001b[2m      \u001b[2mat \u001b[22m\u001b[2m../node_modules/supertest/lib/test.js\u001b[2m:308:13\u001b[22m\u001b[2m\u001b[22m\n\u001b[2m      \u001b[2mat Test._assertFunction (\u001b[22m\u001b[2m../node_modules/supertest/lib/test.js\u001b[2m:285:13)\u001b[22m\u001b[2m\u001b[22m\n\u001b[2m      \u001b[2mat Test.assert (\u001b[22m\u001b[2m../node_modules/supertest/lib/test.js\u001b[2m:164:23)\u001b[22m\u001b[2m\u001b[22m\n\u001b[2m      \u001b[2mat Server.localAssert (\u001b[22m\u001b[2m../node_modules/supertest/lib/test.js\u001b[2m:120:14)\u001b[22m\u001b[2m\u001b[22m\n","name":"/Users/thomaskonig/Documents/GitHub/DragDropDeploy/backend/src/minify/__tests__/build.minify.e2e.spec.ts","startTime":1757675147087,"status":"failed","summary":""},{"assertionResults":[{"ancestorTitles":["Minify toggle (e2e)"],"duration":0,"failureDetails":[{}],"failureMessages":["Error: expected 201 \"Created\", got 401 \"Unauthorized\"\n    at Object.<anonymous> (/Users/thomaskonig/Documents/GitHub/DragDropDeploy/backend/src/minify/__tests__/minify.toggle.e2e.spec.ts:27:132)\n    at processTicksAndRejections (node:internal/process/task_queues:105:5)\n----\n    at Test._assertStatus (/Users/thomaskonig/Documents/GitHub/DragDropDeploy/node_modules/supertest/lib/test.js:252:14)\n    at /Users/thomaskonig/Documents/GitHub/DragDropDeploy/node_modules/supertest/lib/test.js:308:13\n    at Test._assertFunction (/Users/thomaskonig/Documents/GitHub/DragDropDeploy/node_modules/supertest/lib/test.js:285:13)\n    at Test.assert (/Users/thomaskonig/Documents/GitHub/DragDropDeploy/node_modules/supertest/lib/test.js:164:23)\n    at Server.localAssert (/Users/thomaskonig/Documents/GitHub/DragDropDeploy/node_modules/supertest/lib/test.js:120:14)\n    at Object.onceWrapper (node:events:622:28)\n    at Server.emit (node:events:508:28)\n    at emitCloseNT (node:net:2419:8)\n    at processTicksAndRejections (node:internal/process/task_queues:89:21)"],"fullName":"Minify toggle (e2e) respects optOutMinify when not forced","invocations":1,"location":null,"numPassingAsserts":0,"retryReasons":[],"status":"failed","title":"respects optOutMinify when not forced"}],"endTime":1757675149765,"message":"\u001b[1m\u001b[31m  \u001b[1m● \u001b[22m\u001b[1mMinify toggle (e2e) › respects optOutMinify when not forced\u001b[39m\u001b[22m\n\n    expected 201 \"Created\", got 401 \"Unauthorized\"\n\u001b[2m\u001b[22m\n\u001b[2m    \u001b[0m \u001b[90m 25 |\u001b[39m     \u001b[36mconst\u001b[39m login \u001b[33m=\u001b[39m \u001b[36mawait\u001b[39m request(app\u001b[33m.\u001b[39mgetHttpServer())\u001b[33m.\u001b[39mpost(\u001b[32m'/auth/login'\u001b[39m)\u001b[33m.\u001b[39msend({ email\u001b[33m,\u001b[39m password })\u001b[33m.\u001b[39mexpect(\u001b[35m201\u001b[39m)\u001b[33m;\u001b[39m\u001b[22m\n\u001b[2m     \u001b[90m 26 |\u001b[39m     token \u001b[33m=\u001b[39m login\u001b[33m.\u001b[39mbody\u001b[33m.\u001b[39maccess_token\u001b[33m;\u001b[39m\u001b[22m\n\u001b[2m    \u001b[31m\u001b[1m>\u001b[22m\u001b[2m\u001b[39m\u001b[90m 27 |\u001b[39m     \u001b[36mconst\u001b[39m proj \u001b[33m=\u001b[39m \u001b[36mawait\u001b[39m request(app\u001b[33m.\u001b[39mgetHttpServer())\u001b[33m.\u001b[39mpost(\u001b[32m'/projects'\u001b[39m)\u001b[33m.\u001b[39m\u001b[36mset\u001b[39m(\u001b[32m'Authorization'\u001b[39m\u001b[33m,\u001b[39m \u001b[32m`Bearer ${token}`\u001b[39m)\u001b[33m.\u001b[39msend({ name\u001b[33m:\u001b[39m \u001b[32m'p1'\u001b[39m })\u001b[33m.\u001b[39mexpect(\u001b[35m201\u001b[39m)\u001b[33m;\u001b[39m\u001b[22m\n\u001b[2m     \u001b[90m    |\u001b[39m                                                                                                                                    \u001b[31m\u001b[1m^\u001b[22m\u001b[2m\u001b[39m\u001b[22m\n\u001b[2m     \u001b[90m 28 |\u001b[39m     projectId \u001b[33m=\u001b[39m proj\u001b[33m.\u001b[39mbody\u001b[33m.\u001b[39mid\u001b[33m;\u001b[39m\u001b[22m\n\u001b[2m     \u001b[90m 29 |\u001b[39m     \u001b[90m// seed artifact directory\u001b[39m\u001b[22m\n\u001b[2m     \u001b[90m 30 |\u001b[39m     \u001b[36mconst\u001b[39m projDir \u001b[33m=\u001b[39m path\u001b[33m.\u001b[39mjoin(artifactsRoot\u001b[33m,\u001b[39m projectId)\u001b[33m;\u001b[39m\u001b[0m\u001b[22m\n\u001b[2m\u001b[22m\n\u001b[2m      \u001b[2mat Object.<anonymous> (\u001b[22m\u001b[2m\u001b[0m\u001b[36msrc/minify/__tests__/minify.toggle.e2e.spec.ts\u001b[39m\u001b[0m\u001b[2m:27:132)\u001b[22m\u001b[2m\u001b[22m\n\u001b[2m      ----\u001b[22m\n\u001b[2m      \u001b[2mat Test._assertStatus (\u001b[22m\u001b[2m../node_modules/supertest/lib/test.js\u001b[2m:252:14)\u001b[22m\u001b[2m\u001b[22m\n\u001b[2m      \u001b[2mat \u001b[22m\u001b[2m../node_modules/supertest/lib/test.js\u001b[2m:308:13\u001b[22m\u001b[2m\u001b[22m\n\u001b[2m      \u001b[2mat Test._assertFunction (\u001b[22m\u001b[2m../node_modules/supertest/lib/test.js\u001b[2m:285:13)\u001b[22m\u001b[2m\u001b[22m\n\u001b[2m      \u001b[2mat Test.assert (\u001b[22m\u001b[2m../node_modules/supertest/lib/test.js\u001b[2m:164:23)\u001b[22m\u001b[2m\u001b[22m\n\u001b[2m      \u001b[2mat Server.localAssert (\u001b[22m\u001b[2m../node_modules/supertest/lib/test.js\u001b[2m:120:14)\u001b[22m\u001b[2m\u001b[22m\n","name":"/Users/thomaskonig/Documents/GitHub/DragDropDeploy/backend/src/minify/__tests__/minify.toggle.e2e.spec.ts","startTime":1757675148850,"status":"failed","summary":""},{"assertionResults":[{"ancestorTitles":["Project Build Flags E2E"],"duration":null,"failureDetails":[],"failureMessages":[],"fullName":"Project Build Flags E2E creates project and sets initial build flags (allowed)","invocations":1,"location":null,"numPassingAsserts":0,"retryReasons":[],"status":"pending","title":"creates project and sets initial build flags (allowed)"},{"ancestorTitles":["Project Build Flags E2E"],"duration":null,"failureDetails":[],"failureMessages":[],"fullName":"Project Build Flags E2E rejects disallowed build flag","invocations":1,"location":null,"numPassingAsserts":0,"retryReasons":[],"status":"pending","title":"rejects disallowed build flag"},{"ancestorTitles":["Project Build Flags E2E"],"duration":null,"failureDetails":[],"failureMessages":[],"fullName":"Project Build Flags E2E redacts sensitive flag values in build logs","invocations":1,"location":null,"numPassingAsserts":0,"retryReasons":[],"status":"pending","title":"redacts sensitive flag values in build logs"}],"coverage":{},"endTime":1757675168367,"message":"","name":"/Users/thomaskonig/Documents/GitHub/DragDropDeploy/backend/src/projects/__tests__/project-build-flags.e2e.spec.ts","startTime":1757675168367,"status":"skipped","summary":""},{"assertionResults":[{"ancestorTitles":["Auth & Roles (e2e)"],"duration":570,"failureDetails":[],"failureMessages":[],"fullName":"Auth & Roles (e2e) registers a user and logs in","invocations":1,"location":null,"numPassingAsserts":2,"retryReasons":[],"status":"passed","title":"registers a user and logs in"},{"ancestorTitles":["Auth & Roles (e2e)"],"duration":287,"failureDetails":[],"failureMessages":[],"fullName":"Auth & Roles (e2e) promotes first user to operator role","invocations":1,"location":null,"numPassingAsserts":2,"retryReasons":[],"status":"passed","title":"promotes first user to operator role"},{"ancestorTitles":["Auth & Roles (e2e)"],"duration":287,"failureDetails":[],"failureMessages":[],"fullName":"Auth & Roles (e2e) second user is plain USER role","invocations":1,"location":null,"numPassingAsserts":1,"retryReasons":[],"status":"passed","title":"second user is plain USER role"},{"ancestorTitles":["Auth & Roles (e2e)"],"duration":1684,"failureDetails":[],"failureMessages":[],"fullName":"Auth & Roles (e2e) rate limits excessive login attempts","invocations":1,"location":null,"numPassingAsserts":1,"retryReasons":[],"status":"passed","title":"rate limits excessive login attempts"},{"ancestorTitles":["Auth & Roles (e2e)"],"duration":297,"failureDetails":[],"failureMessages":[],"fullName":"Auth & Roles (e2e) protects /status endpoint with role guard","invocations":1,"location":null,"numPassingAsserts":0,"retryReasons":[],"status":"passed","title":"protects /status endpoint with role guard"},{"ancestorTitles":["Auth & Roles (e2e)"],"duration":584,"failureDetails":[],"failureMessages":[],"fullName":"Auth & Roles (e2e) blocks protected internal health without role","invocations":1,"location":null,"numPassingAsserts":0,"retryReasons":[],"status":"passed","title":"blocks protected internal health without role"},{"ancestorTitles":["Auth & Roles (e2e)"],"duration":320,"failureDetails":[],"failureMessages":[],"fullName":"Auth & Roles (e2e) returns current user profile via /auth/me","invocations":1,"location":null,"numPassingAsserts":4,"retryReasons":[],"status":"passed","title":"returns current user profile via /auth/me"}],"endTime":1757675154093,"message":"","name":"/Users/thomaskonig/Documents/GitHub/DragDropDeploy/backend/src/auth/__tests__/auth.e2e.spec.ts","startTime":1757675149807,"status":"passed","summary":""},{"assertionResults":[{"ancestorTitles":["Build Queue (BullMQ Redis) e2e"],"duration":777,"failureDetails":[],"failureMessages":[],"fullName":"Build Queue (BullMQ Redis) e2e enqueues a build and reaches SUCCESS via BullMQ worker","invocations":1,"location":null,"numPassingAsserts":1,"retryReasons":[],"status":"passed","title":"enqueues a build and reaches SUCCESS via BullMQ worker"}],"endTime":1757675157122,"message":"","name":"/Users/thomaskonig/Documents/GitHub/DragDropDeploy/backend/src/build/__tests__/build.queue.redis.e2e.spec.ts","startTime":1757675154099,"status":"passed","summary":""},{"assertionResults":[{"ancestorTitles":["Build Executor (flag) e2e"],"duration":1923,"failureDetails":[],"failureMessages":[],"fullName":"Build Executor (flag) e2e runs executor and records executor markers in logs","invocations":1,"location":null,"numPassingAsserts":3,"retryReasons":[],"status":"passed","title":"runs executor and records executor markers in logs"}],"endTime":1757675159530,"message":"","name":"/Users/thomaskonig/Documents/GitHub/DragDropDeploy/backend/src/build/__tests__/build.executor.e2e.spec.ts","startTime":1757675157136,"status":"passed","summary":""},{"assertionResults":[{"ancestorTitles":["Projects CRUD (e2e)"],"duration":323,"failureDetails":[],"failureMessages":[],"fullName":"Projects CRUD (e2e) creates lists updates and deletes a project","invocations":1,"location":null,"numPassingAsserts":3,"retryReasons":[],"status":"passed","title":"creates lists updates and deletes a project"},{"ancestorTitles":["Projects CRUD (e2e)"],"duration":579,"failureDetails":[],"failureMessages":[],"fullName":"Projects CRUD (e2e) prevents cross-user project access","invocations":1,"location":null,"numPassingAsserts":0,"retryReasons":[],"status":"passed","title":"prevents cross-user project access"}],"endTime":1757675160735,"message":"","name":"/Users/thomaskonig/Documents/GitHub/DragDropDeploy/backend/src/projects/__tests__/projects.e2e.spec.ts","startTime":1757675159534,"status":"passed","summary":""},{"assertionResults":[{"ancestorTitles":["Health endpoints (e2e)"],"duration":5,"failureDetails":[],"failureMessages":[],"fullName":"Health endpoints (e2e) returns 200 for public /health","invocations":1,"location":null,"numPassingAsserts":1,"retryReasons":[],"status":"passed","title":"returns 200 for public /health"},{"ancestorTitles":["Health endpoints (e2e)"],"duration":1,"failureDetails":[],"failureMessages":[],"fullName":"Health endpoints (e2e) returns 401 for /health/internal without token","invocations":1,"location":null,"numPassingAsserts":0,"retryReasons":[],"status":"passed","title":"returns 401 for /health/internal without token"},{"ancestorTitles":["Health endpoints (e2e)"],"duration":575,"failureDetails":[],"failureMessages":[],"fullName":"Health endpoints (e2e) returns 403 for /health/internal with basic user token","invocations":1,"location":null,"numPassingAsserts":1,"retryReasons":[],"status":"passed","title":"returns 403 for /health/internal with basic user token"}],"endTime":1757675161512,"message":"","name":"/Users/thomaskonig/Documents/GitHub/DragDropDeploy/backend/src/health/__tests__/health.e2e.spec.ts","startTime":1757675160737,"status":"passed","summary":""},{"assertionResults":[{"ancestorTitles":["Deployment Upload E2E"],"duration":29,"failureDetails":[],"failureMessages":[],"fullName":"Deployment Upload E2E happy path: uploads small zip","invocations":1,"location":null,"numPassingAsserts":5,"retryReasons":[],"status":"passed","title":"happy path: uploads small zip"},{"ancestorTitles":["Deployment Upload E2E"],"duration":10,"failureDetails":[],"failureMessages":[],"fullName":"Deployment Upload E2E creates a build job when uploading","invocations":1,"location":null,"numPassingAsserts":4,"retryReasons":[],"status":"passed","title":"creates a build job when uploading"},{"ancestorTitles":["Deployment Upload E2E"],"duration":6,"failureDetails":[],"failureMessages":[],"fullName":"Deployment Upload E2E rejects oversize zip","invocations":1,"location":null,"numPassingAsserts":2,"retryReasons":[],"status":"passed","title":"rejects oversize zip"},{"ancestorTitles":["Deployment Upload E2E"],"duration":9,"failureDetails":[],"failureMessages":[],"fullName":"Deployment Upload E2E rejects path traversal entry (JSZip may sanitize; conditionally asserts)","invocations":1,"location":null,"numPassingAsserts":1,"retryReasons":[],"status":"passed","title":"rejects path traversal entry (JSZip may sanitize; conditionally asserts)"},{"ancestorTitles":["Deployment Upload E2E"],"duration":2,"failureDetails":[],"failureMessages":[],"fullName":"Deployment Upload E2E rejects non-zip file","invocations":1,"location":null,"numPassingAsserts":2,"retryReasons":[],"status":"passed","title":"rejects non-zip file"}],"endTime":1757675162332,"message":"","name":"/Users/thomaskonig/Documents/GitHub/DragDropDeploy/backend/src/deployments/__tests__/deployment.upload.e2e.spec.ts","startTime":1757675161523,"status":"passed","summary":""},{"assertionResults":[{"ancestorTitles":["Build history & concurrency (e2e)"],"duration":561,"failureDetails":[],"failureMessages":[],"fullName":"Build history & concurrency (e2e) creates sequential versions and prevents parallel active builds","invocations":1,"location":null,"numPassingAsserts":5,"retryReasons":[],"status":"passed","title":"creates sequential versions and prevents parallel active builds"}],"endTime":1757675163100,"message":"","name":"/Users/thomaskonig/Documents/GitHub/DragDropDeploy/backend/src/build/__tests__/build.history.e2e.spec.ts","startTime":1757675162334,"status":"passed","summary":""},{"assertionResults":[{"ancestorTitles":["Deployments end-to-end"],"duration":652,"failureDetails":[],"failureMessages":[],"fullName":"Deployments end-to-end deploy v1 then v2 then rollback to v1 (auth)","invocations":1,"location":null,"numPassingAsserts":4,"retryReasons":[],"status":"passed","title":"deploy v1 then v2 then rollback to v1 (auth)"}],"endTime":1757675163961,"message":"","name":"/Users/thomaskonig/Documents/GitHub/DragDropDeploy/backend/src/deployments/__tests__/deployments.e2e.spec.ts","startTime":1757675163102,"status":"passed","summary":""},{"assertionResults":[{"ancestorTitles":["Build Logs (in-memory) e2e"],"duration":496,"failureDetails":[],"failureMessages":[],"fullName":"Build Logs (in-memory) e2e creates a build and returns log content","invocations":1,"location":null,"numPassingAsserts":3,"retryReasons":[],"status":"passed","title":"creates a build and returns log content"}],"endTime":1757675164724,"message":"","name":"/Users/thomaskonig/Documents/GitHub/DragDropDeploy/backend/src/build/__tests__/build.logs.e2e.spec.ts","startTime":1757675163964,"status":"passed","summary":""},{"assertionResults":[{"ancestorTitles":["Build Queue (e2e)"],"duration":234,"failureDetails":[],"failureMessages":[],"fullName":"Build Queue (e2e) queues (simulates) a build and creates SUCCESS job","invocations":1,"location":null,"numPassingAsserts":4,"retryReasons":[],"status":"passed","title":"queues (simulates) a build and creates SUCCESS job"}],"endTime":1757675165583,"message":"","name":"/Users/thomaskonig/Documents/GitHub/DragDropDeploy/backend/src/build/__tests__/build.e2e.spec.ts","startTime":1757675164727,"status":"passed","summary":""},{"assertionResults":[{"ancestorTitles":["Project Domain Validation (e2e)"],"duration":3,"failureDetails":[],"failureMessages":[],"fullName":"Project Domain Validation (e2e) rejects invalid domain format","invocations":1,"location":null,"numPassingAsserts":2,"retryReasons":[],"status":"passed","title":"rejects invalid domain format"},{"ancestorTitles":["Project Domain Validation (e2e)"],"duration":6,"failureDetails":[],"failureMessages":[],"fullName":"Project Domain Validation (e2e) accepts valid domain and lowercases it","invocations":1,"location":null,"numPassingAsserts":2,"retryReasons":[],"status":"passed","title":"accepts valid domain and lowercases it"},{"ancestorTitles":["Project Domain Validation (e2e)"],"duration":15,"failureDetails":[],"failureMessages":[],"fullName":"Project Domain Validation (e2e) rejects duplicate domain","invocations":1,"location":null,"numPassingAsserts":4,"retryReasons":[],"status":"passed","title":"rejects duplicate domain"}],"endTime":1757675166288,"message":"","name":"/Users/thomaskonig/Documents/GitHub/DragDropDeploy/backend/src/projects/__tests__/project-domain.e2e.spec.ts","startTime":1757675165588,"status":"passed","summary":""},{"assertionResults":[{"ancestorTitles":["UsersService"],"duration":284,"failureDetails":[],"failureMessages":[],"fullName":"UsersService first created user becomes operator","invocations":1,"location":null,"numPassingAsserts":2,"retryReasons":[],"status":"passed","title":"first created user becomes operator"},{"ancestorTitles":["UsersService"],"duration":340,"failureDetails":[],"failureMessages":[],"fullName":"UsersService second user is plain USER","invocations":1,"location":null,"numPassingAsserts":2,"retryReasons":[],"status":"passed","title":"second user is plain USER"}],"endTime":1757675167019,"message":"","name":"/Users/thomaskonig/Documents/GitHub/DragDropDeploy/backend/src/users/__tests__/users.service.spec.ts","startTime":1757675166291,"status":"passed","summary":""},{"assertionResults":[{"ancestorTitles":["Uploads -> Deployment creation (e2e)"],"duration":325,"failureDetails":[],"failureMessages":[],"fullName":"Uploads -> Deployment creation (e2e) creates a deployment record with PENDING status on upload","invocations":1,"location":null,"numPassingAsserts":4,"retryReasons":[],"status":"passed","title":"creates a deployment record with PENDING status on upload"}],"endTime":1757675167695,"message":"","name":"/Users/thomaskonig/Documents/GitHub/DragDropDeploy/backend/src/uploads/__tests__/upload.e2e.spec.ts","startTime":1757675167025,"status":"passed","summary":""},{"assertionResults":[{"ancestorTitles":["Metrics Endpoint (e2e)"],"duration":6,"failureDetails":[],"failureMessages":[],"fullName":"Metrics Endpoint (e2e) returns Prometheus format text","invocations":1,"location":null,"numPassingAsserts":4,"retryReasons":[],"status":"passed","title":"returns Prometheus format text"},{"ancestorTitles":["Metrics Endpoint (e2e)"],"duration":5,"failureDetails":[],"failureMessages":[],"fullName":"Metrics Endpoint (e2e) enforces allow-list when set","invocations":1,"location":null,"numPassingAsserts":2,"retryReasons":[],"status":"passed","title":"enforces allow-list when set"},{"ancestorTitles":["Metrics Endpoint (e2e)"],"duration":6,"failureDetails":[],"failureMessages":[],"fullName":"Metrics Endpoint (e2e) increments http request counter for a sample route","invocations":1,"location":null,"numPassingAsserts":1,"retryReasons":[],"status":"passed","title":"increments http request counter for a sample route"}],"endTime":1757675167923,"message":"","name":"/Users/thomaskonig/Documents/GitHub/DragDropDeploy/backend/src/metrics/__tests__/metrics.e2e.spec.ts","startTime":1757675167697,"status":"passed","summary":""},{"assertionResults":[{"ancestorTitles":["MinifyService"],"duration":1,"failureDetails":[],"failureMessages":[],"fullName":"MinifyService minifies eligible files and skips .min.js","invocations":1,"location":null,"numPassingAsserts":3,"retryReasons":[],"status":"passed","title":"minifies eligible files and skips .min.js"}],"endTime":1757675167968,"message":"","name":"/Users/thomaskonig/Documents/GitHub/DragDropDeploy/backend/src/minify/__tests__/minify.service.spec.ts","startTime":1757675167926,"status":"passed","summary":""},{"assertionResults":[{"ancestorTitles":["generateStagingSubdomain"],"duration":0,"failureDetails":[],"failureMessages":[],"fullName":"generateStagingSubdomain generates default length and dns safe","invocations":1,"location":null,"numPassingAsserts":2,"retryReasons":[],"status":"passed","title":"generates default length and dns safe"},{"ancestorTitles":["generateStagingSubdomain"],"duration":1,"failureDetails":[],"failureMessages":[],"fullName":"generateStagingSubdomain enforces min and max length","invocations":1,"location":null,"numPassingAsserts":2,"retryReasons":[],"status":"passed","title":"enforces min and max length"},{"ancestorTitles":["generateStagingSubdomain"],"duration":0,"failureDetails":[],"failureMessages":[],"fullName":"generateStagingSubdomain is reasonably random across calls","invocations":1,"location":null,"numPassingAsserts":1,"retryReasons":[],"status":"passed","title":"is reasonably random across calls"}],"endTime":1757675167997,"message":"","name":"/Users/thomaskonig/Documents/GitHub/DragDropDeploy/backend/src/projects/__tests__/subdomain.util.spec.ts","startTime":1757675167979,"status":"passed","summary":""}],"wasInterrupted":false}
